<?xml version="1.0" encoding="UTF-8" ?>
<testsuite errors="0" failures="0" hostname="x202e" name="se.liu.ida.tdp024.account.data.test.facade.AccountEntityFacadeTest" skipped="0" tests="1" time="4.089" timestamp="2015-10-08T15:00:24">
  <properties>
[...]
</properties>
  <testcase classname="se.liu.ida.tdp024.account.data.test.facade.AccountEntityFacadeTest" name="testCreate" time="3.779" />
  <system-out><![CDATA[[EL Info]: 2015-10-08 17:00:25.543--ServerSession(1327926719)--EclipseLink, version: Eclipse Persistence Services - 2.3.0.v20110604-r9504
[EL Info]: 2015-10-08 17:00:26.983--ServerSession(1327926719)--file:/home/masj/NetBeansProjects/account-data-impl-db/dist/account-data-impl-db.jar_account-dataPU login successful
[EL Warning]: 2015-10-08 17:00:27.238--ServerSession(1327926719)--Exception [EclipseLink-4002] (Eclipse Persistence Services - 2.3.0.v20110604-r9504): org.eclipse.persistence.exceptions.DatabaseException
Internal Exception: java.sql.SQLSyntaxErrorException: 'DROP TABLE' cannot be performed on 'ACCOUNTDB' because it does not exist.
Error Code: 30000
Call: DROP TABLE ACCOUNTDB
Query: DataModifyQuery(sql="DROP TABLE ACCOUNTDB")
1 :: 1
[EL Info]: 2015-10-08 17:00:28.674--ServerSession(1327926719)--file:/home/masj/NetBeansProjects/account-data-impl-db/dist/account-data-impl-db.jar_account-dataPU logout successful
]]></system-out>
  <system-err><![CDATA[]]></system-err>
</testsuite>
